19:09:00: Creating resource group General
19:09:00: Creating resource group Internal
19:09:00: Creating resource group Autodetect
19:09:00: SceneManagerFactory for type 'DefaultSceneManager' registered.
19:09:00: Registering ResourceManager for type Material
19:09:00: Registering ResourceManager for type Mesh
19:09:00: Registering ResourceManager for type Skeleton
19:09:00: MovableObjectFactory for type 'ParticleSystem' registered.
19:09:00: ArchiveFactory for archive type FileSystem registered.
19:09:00: ArchiveFactory for archive type Zip registered.
19:09:00: ArchiveFactory for archive type EmbeddedZip registered.
19:09:00: DDS codec registering
19:09:00: FreeImage version: 3.15.3
19:09:00: This program uses FreeImage, a free, open source image library supporting all common bitmap formats. See http://freeimage.sourceforge.net for details
19:09:00: Supported formats: bmp,ico,jpg,jif,jpeg,jpe,jng,koa,iff,lbm,mng,pbm,pbm,pcd,pcx,pgm,pgm,png,ppm,ppm,ras,tga,targa,tif,tiff,wap,wbmp,wbm,psd,cut,xbm,xpm,gif,hdr,g3,sgi,exr,j2k,j2c,jp2,pfm,pct,pict,pic
19:09:00: ETC codec registering
19:09:00: Registering ResourceManager for type HighLevelGpuProgram
19:09:00: Registering ResourceManager for type Compositor
19:09:00: MovableObjectFactory for type 'Entity' registered.
19:09:00: MovableObjectFactory for type 'Light' registered.
19:09:00: MovableObjectFactory for type 'BillboardSet' registered.
19:09:00: MovableObjectFactory for type 'ManualObject' registered.
19:09:00: MovableObjectFactory for type 'BillboardChain' registered.
19:09:00: MovableObjectFactory for type 'RibbonTrail' registered.
19:09:00: *-*-* OGRE Initialising
19:09:00: *-*-* Version 1.10.0unstable (Xalafu)
19:09:00: Installing plugin: GL RenderSystem
19:09:00: OpenGL Rendering Subsystem created.
19:09:00: Plugin successfully installed
19:09:00: Installing plugin: D3D9 RenderSystem
19:09:00: D3D9 : Direct3D9 Rendering Subsystem created.
19:09:00: D3D9: Driver Detection Starts
19:09:00: D3D9: Driver Detection Ends
19:09:00: Plugin successfully installed
19:09:00: OGRE EXCEPTION(6:FileNotFoundException): 'resources.cfg' file not found! in ConfigFile::load at C:\Users\Vidminas\Desktop\ogre\OgreMain\src\OgreConfigFile.cpp (line 88)
