10:13:48: Creating resource group General
10:13:48: Creating resource group Internal
10:13:48: Creating resource group Autodetect
10:13:48: SceneManagerFactory for type 'DefaultSceneManager' registered.
10:13:48: Registering ResourceManager for type Material
10:13:48: Registering ResourceManager for type Mesh
10:13:48: Registering ResourceManager for type Skeleton
10:13:48: MovableObjectFactory for type 'ParticleSystem' registered.
10:13:48: ArchiveFactory for archive type FileSystem registered.
10:13:48: ArchiveFactory for archive type Zip registered.
10:13:48: ArchiveFactory for archive type EmbeddedZip registered.
10:13:48: DDS codec registering
10:13:48: FreeImage version: 3.15.3
10:13:48: This program uses FreeImage, a free, open source image library supporting all common bitmap formats. See http://freeimage.sourceforge.net for details
10:13:48: Supported formats: bmp,ico,jpg,jif,jpeg,jpe,jng,koa,iff,lbm,mng,pbm,pbm,pcd,pcx,pgm,pgm,png,ppm,ppm,ras,tga,targa,tif,tiff,wap,wbmp,wbm,psd,cut,xbm,xpm,gif,hdr,g3,sgi,exr,j2k,j2c,jp2,pfm,pct,pict,pic
10:13:48: ETC codec registering
10:13:48: Registering ResourceManager for type HighLevelGpuProgram
10:13:48: Registering ResourceManager for type Compositor
10:13:48: MovableObjectFactory for type 'Entity' registered.
10:13:48: MovableObjectFactory for type 'Light' registered.
10:13:48: MovableObjectFactory for type 'BillboardSet' registered.
10:13:48: MovableObjectFactory for type 'ManualObject' registered.
10:13:48: MovableObjectFactory for type 'BillboardChain' registered.
10:13:48: MovableObjectFactory for type 'RibbonTrail' registered.
10:13:48: *-*-* OGRE Initialising
10:13:48: *-*-* Version 1.10.0unstable (Xalafu)
10:13:48: Installing plugin: GL RenderSystem
10:13:48: OpenGL Rendering Subsystem created.
10:13:48: Plugin successfully installed
10:13:48: Installing plugin: D3D9 RenderSystem
10:13:48: D3D9 : Direct3D9 Rendering Subsystem created.
10:13:48: D3D9: Driver Detection Starts
10:13:48: D3D9: Driver Detection Ends
10:13:48: Plugin successfully installed
10:13:48: Creating resource group Essential
10:13:48: Added resource location 'Media/Packs/SdkTrays.zip' of type 'Zip' to resource group 'Essential'
10:13:48: Added resource location '.' of type 'FileSystem' to resource group 'General'
10:13:48: Added resource location 'Media/Materials/Programs/GLSL150' of type 'FileSystem' to resource group 'General'
10:13:48: Added resource location 'Media/Materials/Scripts' of type 'FileSystem' to resource group 'General'
10:13:48: Added resource location 'Media/Materials/Textures' of type 'FileSystem' to resource group 'General'
10:13:48: Added resource location 'Media/Materials/Textures/nvidia' of type 'FileSystem' to resource group 'General'
10:13:48: Added resource location 'Media/Models' of type 'FileSystem' to resource group 'General'
10:13:48: D3D9 : RenderSystem Option: Allow DirectX9Ex = Yes
10:13:48: D3D9 : RenderSystem Option: Allow NVPerfHUD = No
10:13:48: D3D9 : RenderSystem Option: Backbuffer Count = Auto
10:13:48: D3D9 : RenderSystem Option: FSAA = 0
10:13:48: D3D9 : RenderSystem Option: Fixed Pipeline Enabled = Yes
10:13:48: D3D9 : RenderSystem Option: Floating-point mode = Fastest
10:13:48: D3D9 : RenderSystem Option: Full Screen = No
10:13:48: D3D9 : RenderSystem Option: Multi device memory hint = Use minimum system memory
10:13:48: D3D9 : RenderSystem Option: Rendering Device = Monitor-1-NVIDIA GeForce GTX 770
10:13:48: D3D9 : RenderSystem Option: Resource Creation Policy = Create on all devices
10:13:48: D3D9 : RenderSystem Option: Use Multihead = Auto
10:13:48: D3D9 : RenderSystem Option: VSync = No
10:13:48: D3D9 : RenderSystem Option: VSync Interval = 1
10:13:48: D3D9 : RenderSystem Option: Video Mode = 1024 x 768 @ 32-bit colour
10:13:48: D3D9 : RenderSystem Option: sRGB Gamma Conversion = No
10:13:49: CPU Identifier & Features
10:13:49: -------------------------
10:13:49:  *   CPU ID: AuthenticAMD: AMD FX(tm)-8350 Eight-Core Processor
10:13:49:  *      SSE: yes
10:13:49:  *     SSE2: yes
10:13:49:  *     SSE3: yes
10:13:49:  *      MMX: yes
10:13:49:  *   MMXEXT: yes
10:13:49:  *    3DNOW: no
10:13:49:  * 3DNOWEXT: no
10:13:49:  *     CMOV: yes
10:13:49:  *      TSC: yes
10:13:49:  *      FPU: yes
10:13:49:  *      PRO: yes
10:13:49:  *       HT: no
10:13:49: -------------------------
10:13:49: *** Starting Win32GL Subsystem ***
10:13:49: Registering ResourceManager for type Texture
10:13:49: GLRenderSystem::_createRenderWindow "Ogre Render Window", 1024x768 windowed  miscParams: FSAA=0 FSAAHint= colourDepth=32 displayFrequency=0 gamma=false vsync=true vsyncInterval=1 
10:13:49: Created Win32Window 'Ogre Render Window' : 1040x806, 32bpp
10:13:49: GL_VERSION = 4.5.0 NVIDIA 353.06
10:13:49: GL_VENDOR = NVIDIA Corporation
10:13:49: GL_RENDERER = GeForce GTX 770/PCIe/SSE2
10:13:49: GL_EXTENSIONS = GL_AMD_multi_draw_indirect GL_AMD_seamless_cubemap_per_texture GL_ARB_arrays_of_arrays GL_ARB_base_instance GL_ARB_bindless_texture GL_ARB_blend_func_extended GL_ARB_buffer_storage GL_ARB_clear_buffer_object GL_ARB_clear_texture GL_ARB_clip_control GL_ARB_color_buffer_float GL_ARB_compatibility GL_ARB_compressed_texture_pixel_storage GL_ARB_conservative_depth GL_ARB_compute_shader GL_ARB_compute_variable_group_size GL_ARB_conditional_render_inverted GL_ARB_copy_buffer GL_ARB_copy_image GL_ARB_cull_distance GL_ARB_debug_output GL_ARB_depth_buffer_float GL_ARB_depth_clamp GL_ARB_depth_texture GL_ARB_derivative_control GL_ARB_direct_state_access GL_ARB_draw_buffers GL_ARB_draw_buffers_blend GL_ARB_draw_indirect GL_ARB_draw_elements_base_vertex GL_ARB_draw_instanced GL_ARB_enhanced_layouts GL_ARB_ES2_compatibility GL_ARB_ES3_compatibility GL_ARB_ES3_1_compatibility GL_ARB_explicit_attrib_location GL_ARB_explicit_uniform_location GL_ARB_fragment_coord_conventions GL_ARB_fragment_layer_viewport GL_ARB_fragment_program GL_ARB_fragment_program_shadow GL_ARB_fragment_shader GL_ARB_framebuffer_no_attachments GL_ARB_framebuffer_object GL_ARB_framebuffer_sRGB GL_ARB_geometry_shader4 GL_ARB_get_program_binary GL_ARB_get_texture_sub_image GL_ARB_gpu_shader5 GL_ARB_gpu_shader_fp64 GL_ARB_half_float_pixel GL_ARB_half_float_vertex GL_ARB_imaging GL_ARB_indirect_parameters GL_ARB_instanced_arrays GL_ARB_internalformat_query GL_ARB_internalformat_query2 GL_NV_internalformat_sample_query GL_ARB_invalidate_subdata GL_ARB_map_buffer_alignment GL_ARB_map_buffer_range GL_ARB_multi_bind GL_ARB_multi_draw_indirect GL_ARB_multisample GL_ARB_multitexture GL_ARB_occlusion_query GL_ARB_occlusion_query2 GL_ARB_pipeline_statistics_query GL_ARB_pixel_buffer_object GL_ARB_point_parameters GL_ARB_point_sprite GL_ARB_program_interface_query GL_ARB_provoking_vertex GL_ARB_robust_buffer_access_behavior GL_ARB_robustness GL_ARB_sample_shading GL_ARB_sampler_objects GL_ARB_seamless_cube_map GL_ARB_seamless_cubemap_per_texture GL_ARB_separate_shader_objects GL_ARB_shader_atomic_counters GL_ARB_shader_bit_encoding GL_ARB_shader_draw_parameters GL_ARB_shader_group_vote GL_ARB_shader_image_load_store GL_ARB_shader_image_size GL_ARB_shader_objects GL_ARB_shader_precision GL_ARB_query_buffer_object GL_ARB_shader_storage_buffer_object GL_ARB_shader_subroutine GL_ARB_shader_texture_image_samples GL_ARB_shader_texture_lod GL_ARB_shading_language_100 GL_ARB_shading_language_420pack GL_ARB_shading_language_include GL_ARB_shading_language_packing GL_ARB_shadow GL_ARB_sparse_buffer GL_ARB_sparse_texture GL_ARB_stencil_texturing GL_ARB_sync GL_ARB_tessellation_shader GL_ARB_texture_barrier GL_ARB_texture_border_clamp GL_ARB_texture_buffer_object GL_ARB_texture_buffer_object_rgb32 GL_ARB_texture_buffer_range GL_ARB_texture_compression GL_ARB_texture_compression_bptc GL_ARB_texture_compression_rgtc GL_ARB_texture_cube_map GL_ARB_texture_cube_map_array GL_ARB_texture_env_add GL_ARB_texture_env_combine GL_ARB_texture_env_crossbar GL_ARB_texture_env_dot3 GL_ARB_texture_float GL_ARB_texture_gather GL_ARB_texture_mirror_clamp_to_edge GL_ARB_texture_mirrored_repeat GL_ARB_texture_multisample GL_ARB_texture_non_power_of_two GL_ARB_texture_query_levels GL_ARB_texture_query_lod GL_ARB_texture_rectangle GL_ARB_texture_rg GL_ARB_texture_rgb10_a2ui GL_ARB_texture_stencil8 GL_ARB_texture_storage GL_ARB_texture_storage_multisample GL_ARB_texture_swizzle GL_ARB_texture_view GL_ARB_timer_query GL_ARB_transform_feedback2 GL_ARB_transform_feedback3 GL_ARB_transform_feedback_instanced GL_ARB_transform_feedback_overflow_query GL_ARB_transpose_matrix GL_ARB_uniform_buffer_object GL_ARB_vertex_array_bgra GL_ARB_vertex_array_object GL_ARB_vertex_attrib_64bit GL_ARB_vertex_attrib_binding GL_ARB_vertex_buffer_object GL_ARB_vertex_program GL_ARB_vertex_shader GL_ARB_vertex_type_10f_11f_11f_rev GL_ARB_vertex_type_2_10_10_10_rev GL_ARB_viewport_array GL_ARB_window_pos GL_ATI_draw_buffers GL_ATI_texture_float GL_ATI_texture_mirror_once GL_S3_s3tc GL_EXT_texture_env_add GL_EXT_abgr GL_EXT_bgra GL_EXT_bindable_uniform GL_EXT_blend_color GL_EXT_blend_equation_separate GL_EXT_blend_func_separate GL_EXT_blend_minmax GL_EXT_blend_subtract GL_EXT_compiled_vertex_array GL_EXT_Cg_shader GL_EXT_depth_bounds_test GL_EXT_direct_state_access GL_EXT_draw_buffers2 GL_EXT_draw_instanced GL_EXT_draw_range_elements GL_EXT_fog_coord GL_EXT_framebuffer_blit GL_EXT_framebuffer_multisample GL_EXTX_framebuffer_mixed_formats GL_EXT_framebuffer_multisample_blit_scaled GL_EXT_framebuffer_object GL_EXT_framebuffer_sRGB GL_EXT_geometry_shader4 GL_EXT_gpu_program_parameters GL_EXT_gpu_shader4 GL_EXT_multi_draw_arrays GL_EXT_packed_depth_stencil GL_EXT_packed_float GL_EXT_packed_pixels GL_EXT_pixel_buffer_object GL_EXT_point_parameters GL_EXT_polygon_offset_clamp GL_EXT_provoking_vertex GL_EXT_rescale_normal GL_EXT_secondary_color GL_EXT_separate_shader_objects GL_EXT_separate_specular_color GL_EXT_shader_image_load_store GL_EXT_shader_integer_mix GL_EXT_shadow_funcs GL_EXT_stencil_two_side GL_EXT_stencil_wrap GL_EXT_texture3D GL_EXT_texture_array GL_EXT_texture_buffer_object GL_EXT_texture_compression_dxt1 GL_EXT_texture_compression_latc GL_EXT_texture_compression_rgtc GL_EXT_texture_compression_s3tc GL_EXT_texture_cube_map GL_EXT_texture_edge_clamp GL_EXT_texture_env_combine GL_EXT_texture_env_dot3 GL_EXT_texture_filter_anisotropic GL_EXT_texture_integer GL_EXT_texture_lod GL_EXT_texture_lod_bias GL_EXT_texture_mirror_clamp GL_EXT_texture_object GL_EXT_texture_shared_exponent GL_EXT_texture_sRGB GL_EXT_texture_sRGB_decode GL_EXT_texture_storage GL_EXT_texture_swizzle GL_EXT_timer_query GL_EXT_transform_feedback2 GL_EXT_vertex_array GL_EXT_vertex_array_bgra GL_EXT_vertex_attrib_64bit GL_EXT_import_sync_object GL_IBM_rasterpos_clip GL_IBM_texture_mirrored_repeat GL_KHR_context_flush_control GL_KHR_debug GL_KHR_robust_buffer_access_behavior GL_KHR_robustness GL_KTX_buffer_region GL_NV_bindless_multi_draw_indirect GL_NV_bindless_multi_draw_indirect_count GL_NV_bindless_texture GL_NV_blend_equation_advanced GL_NV_blend_square GL_NV_command_list GL_NV_compute_program5 GL_NV_conditional_render GL_NV_copy_depth_to_color GL_NV_copy_image GL_NV_depth_buffer_float GL_NV_depth_clamp GL_NV_draw_texture GL_NV_ES1_1_compatibility GL_NV_ES3_1_compatibility GL_NV_explicit_multisample GL_NV_fence GL_NV_float_buffer GL_NV_fog_distance GL_NV_fragment_program GL_NV_fragment_program_option GL_NV_fragment_program2 GL_NV_framebuffer_multisample_coverage GL_NV_geometry_shader4 GL_NV_gpu_program4 GL_NV_gpu_program4_1 GL_NV_gpu_program5 GL_NV_gpu_program5_mem_extended GL_NV_gpu_program_fp64 GL_NV_gpu_shader5 GL_NV_half_float GL_NV_light_max_exponent GL_NV_multisample_coverage GL_NV_multisample_filter_hint GL_NV_occlusion_query GL_NV_packed_depth_stencil GL_NV_parameter_buffer_object GL_NV_parameter_buffer_object2 GL_NV_path_rendering GL_NV_pixel_data_range GL_NV_point_sprite GL_NV_primitive_restart GL_NV_register_combiners GL_NV_register_combiners2 GL_NV_shader_atomic_counters GL_NV_shader_atomic_float GL_NV_shader_buffer_load GL_NV_shader_storage_buffer_object GL_NV_texgen_reflection GL_NV_texture_barrier GL_NV_texture_compression_vtc GL_NV_texture_env_combine4 GL_NV_texture_multisample GL_NV_texture_rectangle GL_NV_texture_shader GL_NV_texture_shader2 GL_NV_texture_shader3 GL_NV_transform_feedback GL_NV_transform_feedback2 GL_NV_uniform_buffer_unified_memory GL_NV_vertex_array_range GL_NV_vertex_array_range2 GL_NV_vertex_attrib_integer_64bit GL_NV_vertex_buffer_unified_memory GL_NV_vertex_program GL_NV_vertex_program1_1 GL_NV_vertex_program2 GL_NV_vertex_program2_option GL_NV_vertex_program3 GL_NVX_conditional_render GL_NVX_gpu_memory_info GL_NVX_nvenc_interop GL_NV_shader_thread_group GL_NV_shader_thread_shuffle GL_KHR_blend_equation_advanced GL_SGIS_generate_mipmap GL_SGIS_texture_lod GL_SGIX_depth_texture GL_SGIX_shadow GL_SUN_slice_accum GL_WIN_swap_hint WGL_EXT_swap_control 
10:13:49: Supported WGL extensions: WGL_ARB_buffer_region WGL_ARB_create_context WGL_ARB_create_context_profile WGL_ARB_create_context_robustness WGL_ARB_context_flush_control WGL_ARB_extensions_string WGL_ARB_make_current_read WGL_ARB_multisample WGL_ARB_pbuffer WGL_ARB_pixel_format WGL_ARB_pixel_format_float WGL_ARB_render_texture WGL_ATI_pixel_format_float WGL_EXT_create_context_es_profile WGL_EXT_create_context_es2_profile WGL_EXT_extensions_string WGL_EXT_framebuffer_sRGB WGL_EXT_pixel_format_packed_float WGL_EXT_swap_control WGL_EXT_swap_control_tear WGL_NVX_DX_interop WGL_NV_DX_interop WGL_NV_DX_interop2 WGL_NV_copy_image WGL_NV_delay_before_swap WGL_NV_float_buffer WGL_NV_multisample_coverage WGL_NV_render_depth_texture WGL_NV_render_texture_rectangle 
10:13:49: ***************************
10:13:49: *** GL Renderer Started ***
10:13:49: ***************************
10:13:49: Registering ResourceManager for type GpuProgram
10:13:49: GLSL support detected
10:13:49: GL: Using GL_EXT_framebuffer_object for rendering to textures (best)
10:13:49: FBO PF_UNKNOWN depth/stencil support: D0S8 D16S0 D24S0 D32S0 Packed-D24S8 
10:13:49: FBO PF_L8 depth/stencil support: D0S0 D0S8 D16S0 D24S0 D32S0 Packed-D24S8 
10:13:49: FBO PF_A8 depth/stencil support: D0S0 D0S8 D16S0 D24S0 D32S0 Packed-D24S8 
10:13:49: FBO PF_A4L4 depth/stencil support: D0S0 D0S8 D16S0 D24S0 D32S0 Packed-D24S8 
10:13:49: FBO PF_BYTE_LA depth/stencil support: D0S0 D0S8 D16S0 D24S0 D32S0 Packed-D24S8 
10:13:49: FBO PF_R5G6B5 depth/stencil support: D0S0 D0S8 D16S0 D24S0 D32S0 Packed-D24S8 
10:13:49: FBO PF_B5G6R5 depth/stencil support: D0S0 D0S8 D16S0 D24S0 D32S0 Packed-D24S8 
10:13:49: FBO PF_A4R4G4B4 depth/stencil support: D0S0 D0S8 D16S0 D24S0 D32S0 Packed-D24S8 
10:13:49: FBO PF_A1R5G5B5 depth/stencil support: D0S0 D0S8 D16S0 D24S0 D32S0 Packed-D24S8 
10:13:49: FBO PF_R8G8B8 depth/stencil support: D0S0 D0S8 D16S0 D24S0 D32S0 Packed-D24S8 
10:13:49: FBO PF_B8G8R8 depth/stencil support: D0S0 D0S8 D16S0 D24S0 D32S0 Packed-D24S8 
10:13:49: FBO PF_A8R8G8B8 depth/stencil support: D0S0 D0S8 D16S0 D24S0 D32S0 Packed-D24S8 
10:13:49: FBO PF_B8G8R8A8 depth/stencil support: D0S0 D0S8 D16S0 D24S0 D32S0 Packed-D24S8 
10:13:49: FBO PF_A2R10G10B10 depth/stencil support: D0S0 D0S8 D16S0 D24S0 D32S0 Packed-D24S8 
10:13:49: FBO PF_A2B10G10R10 depth/stencil support: D0S0 D0S8 D16S0 D24S0 D32S0 Packed-D24S8 
10:13:49: FBO PF_FLOAT16_RGB depth/stencil support: D0S0 D0S8 D16S0 D24S0 D32S0 Packed-D24S8 
10:13:49: FBO PF_FLOAT16_RGBA depth/stencil support: D0S0 D0S8 D16S0 D24S0 D32S0 Packed-D24S8 
10:13:49: FBO PF_FLOAT32_RGB depth/stencil support: D0S0 D0S8 D16S0 D24S0 D32S0 Packed-D24S8 
10:13:49: FBO PF_FLOAT32_RGBA depth/stencil support: D0S0 D0S8 D16S0 D24S0 D32S0 Packed-D24S8 
10:13:49: FBO PF_X8R8G8B8 depth/stencil support: D0S0 D0S8 D16S0 D24S0 D32S0 Packed-D24S8 
10:13:49: FBO PF_X8B8G8R8 depth/stencil support: D0S0 D0S8 D16S0 D24S0 D32S0 Packed-D24S8 
10:13:49: FBO PF_SHORT_RGBA depth/stencil support: D0S0 D0S8 D16S0 D24S0 D32S0 Packed-D24S8 
10:13:49: FBO PF_R3G3B2 depth/stencil support: D0S0 D0S8 D16S0 D24S0 D32S0 Packed-D24S8 
10:13:49: FBO PF_FLOAT16_R depth/stencil support: D0S0 D0S8 D16S0 D24S0 D32S0 Packed-D24S8 
10:13:49: FBO PF_FLOAT32_R depth/stencil support: D0S0 D0S8 D16S0 D24S0 D32S0 Packed-D24S8 
10:13:49: FBO PF_FLOAT16_GR depth/stencil support: D0S0 D0S8 D16S0 D24S0 D32S0 Packed-D24S8 
10:13:49: FBO PF_FLOAT32_GR depth/stencil support: D0S0 D0S8 D16S0 D24S0 D32S0 Packed-D24S8 
10:13:49: FBO PF_SHORT_RGB depth/stencil support: D0S0 D0S8 D16S0 D24S0 D32S0 Packed-D24S8 
10:13:49: [GL] : Valid FBO targets PF_UNKNOWN PF_L8 PF_A8 PF_A4L4 PF_BYTE_LA PF_R5G6B5 PF_B5G6R5 PF_A4R4G4B4 PF_A1R5G5B5 PF_R8G8B8 PF_B8G8R8 PF_A8R8G8B8 PF_B8G8R8A8 PF_A2R10G10B10 PF_A2B10G10R10 PF_FLOAT16_RGB PF_FLOAT16_RGBA PF_FLOAT32_RGB PF_FLOAT32_RGBA PF_X8R8G8B8 PF_X8B8G8R8 PF_SHORT_RGBA PF_R3G3B2 PF_FLOAT16_R PF_FLOAT32_R PF_FLOAT16_GR PF_FLOAT32_GR PF_SHORT_RGB 
10:13:49: RenderSystem capabilities
10:13:49: -------------------------
10:13:49: RenderSystem Name: OpenGL Rendering Subsystem
10:13:49: GPU Vendor: nvidia
10:13:49: Device Name: GeForce GTX 770/PCIe/SSE2
10:13:49: Driver Version: 4.5.0.0
10:13:49:  * Fixed function pipeline: yes
10:13:49:  * Hardware generation of mipmaps: yes
10:13:49:  * Texture blending: yes
10:13:49:  * Anisotropic texture filtering: yes
10:13:49:  * Dot product texture operation: yes
10:13:49:  * Cube mapping: yes
10:13:49:  * Hardware stencil buffer: yes
10:13:49:    - Stencil depth: 8
10:13:49:    - Two sided stencil support: yes
10:13:49:    - Wrap stencil values: yes
10:13:49:  * Hardware vertex / index buffers: yes
10:13:49:  * 32-bit index buffers: yes
10:13:49:  * Vertex programs: yes
10:13:49:  * Number of floating-point constants for vertex programs: 1024
10:13:49:  * Number of integer constants for vertex programs: 0
10:13:49:  * Number of boolean constants for vertex programs: 0
10:13:49:  * Fragment programs: yes
10:13:49:  * Number of floating-point constants for fragment programs: 512
10:13:49:  * Number of integer constants for fragment programs: 0
10:13:49:  * Number of boolean constants for fragment programs: 0
10:13:49:  * Geometry programs: yes
10:13:49:  * Number of floating-point constants for geometry programs: 2048
10:13:50:  * Number of integer constants for geometry programs: 0
10:13:50:  * Number of boolean constants for geometry programs: 0
10:13:50:  * Tessellation Hull programs: no
10:13:50:  * Number of floating-point constants for tessellation hull programs: 56
10:13:50:  * Number of integer constants for tessellation hull programs: 0
10:13:50:  * Number of boolean constants for tessellation hull programs: 0
10:13:50:  * Tessellation Domain programs: no
10:13:50:  * Number of floating-point constants for tessellation domain programs: 0
10:13:50:  * Number of integer constants for tessellation domain programs: 10368
10:13:50:  * Number of boolean constants for tessellation domain programs: 65024
10:13:50:  * Compute programs: no
10:13:50:  * Number of floating-point constants for compute programs: 2046
10:13:50:  * Number of integer constants for compute programs: 0
10:13:50:  * Number of boolean constants for compute programs: 32
10:13:50:  * Supported Shader Profiles: arbfp1 arbvp1 fp20 fp30 fp40 glsl glsl100 glsl110 glsl120 gp4fp gp4gp gp4vp gpu_fp gpu_gp gpu_vp nvgp4 vp30 vp40
10:13:50:  * Texture Compression: yes
10:13:50:    - DXT: yes
10:13:50:    - VTC: yes
10:13:50:    - PVRTC: no
10:13:50:    - ATC: no
10:13:50:    - ETC1: no
10:13:50:    - ETC2: no
10:13:50:    - BC4/BC5: no
10:13:50:    - BC6H/BC7: no
10:13:50:  * Scissor Rectangle: yes
10:13:50:  * Hardware Occlusion Query: yes
10:13:50:  * User clip planes: yes
10:13:50:  * VET_UBYTE4 vertex element type: yes
10:13:50:  * Infinite far plane projection: yes
10:13:50:  * Hardware render-to-texture: yes
10:13:50:  * Floating point textures: yes
10:13:50:  * Non-power-of-two textures: yes
10:13:50:  * 1d textures: yes
10:13:50:  * Volume textures: yes
10:13:50:  * Multiple Render Targets: 8
10:13:50:    - With different bit depths: yes
10:13:50:  * Point Sprites: yes
10:13:50:  * Extended point parameters: yes
10:13:50:  * Max Point Size: 2047
10:13:50:  * Vertex texture fetch: yes
10:13:50:  * Number of world matrices: 0
10:13:50:  * Number of texture units: 16
10:13:50:  * Stencil buffer depth: 8
10:13:50:  * Number of vertex blend matrices: 0
10:13:50:    - Max vertex textures: 32
10:13:50:    - Vertex textures shared: yes
10:13:50:  * Render to Vertex Buffer : yes
10:13:50:  * Hardware Atomic Counters: no
10:13:50:  * GL 1.5 without VBO workaround: no
10:13:50:  * Frame Buffer objects: yes
10:13:50:  * Frame Buffer objects (ARB extension): no
10:13:50:  * Frame Buffer objects (ATI extension): no
10:13:50:  * PBuffer support: yes
10:13:50:  * GL 1.5 without HW-occlusion workaround: no
10:13:50:  * Vertex Array Objects: no
10:13:50:  * Separate shader objects: no
10:13:50: DefaultWorkQueue('Root') initialising on thread main.
10:13:50: Particle Renderer Type 'billboard' registered
10:13:50: OverlayElementFactory for type Panel registered.
10:13:50: OverlayElementFactory for type BorderPanel registered.
10:13:50: OverlayElementFactory for type TextArea registered.
10:13:50: Registering ResourceManager for type Font
10:13:50: Parsing scripts for resource group Autodetect
10:13:50: Finished parsing scripts for resource group Autodetect
10:13:50: Creating resources for group Autodetect
10:13:50: All done
10:13:50: Parsing scripts for resource group Essential
10:13:50: Parsing script SdkTrays.material
10:13:50: Parsing script SdkTrays.fontdef
10:13:50: Parsing script SdkTrays.overlay
10:13:50: Texture: sdk_cursor.png: Loading 1 faces(PF_A8R8G8B8,32x32x1) with 5 hardware generated mipmaps from Image. Internal format is PF_A8R8G8B8,32x32x1.
10:13:50: Texture: sdk_tray.png: Loading 1 faces(PF_A8R8G8B8,64x64x1) with 5 hardware generated mipmaps from Image. Internal format is PF_A8R8G8B8,64x64x1.
10:13:50: Texture: sdk_button_up.png: Loading 1 faces(PF_A8R8G8B8,128x32x1) with 5 hardware generated mipmaps from Image. Internal format is PF_A8R8G8B8,128x32x1.
10:13:50: Texture: sdk_text_box.png: Loading 1 faces(PF_A8R8G8B8,32x32x1) with 5 hardware generated mipmaps from Image. Internal format is PF_A8R8G8B8,32x32x1.
10:13:50: Texture: sdk_mini_tray.png: Loading 1 faces(PF_A8R8G8B8,32x32x1) with 5 hardware generated mipmaps from Image. Internal format is PF_A8R8G8B8,32x32x1.
10:13:50: Texture: sdk_track.png: Loading 1 faces(PF_A8R8G8B8,16x32x1) with 5 hardware generated mipmaps from Image. Internal format is PF_A8R8G8B8,16x32x1.
10:13:50: Texture: sdk_handle.png: Loading 1 faces(PF_A8R8G8B8,16x16x1) with 4 hardware generated mipmaps from Image. Internal format is PF_A8R8G8B8,16x16x1.
10:13:50: Texture: sdk_mini_text_box.png: Loading 1 faces(PF_A8R8G8B8,32x32x1) with 5 hardware generated mipmaps from Image. Internal format is PF_A8R8G8B8,32x32x1.
10:13:50: Texture: sdk_label.png: Loading 1 faces(PF_A8R8G8B8,32x32x1) with 5 hardware generated mipmaps from Image. Internal format is PF_A8R8G8B8,32x32x1.
10:13:50: Texture: sdk_separator.png: Loading 1 faces(PF_A8R8G8B8,64x16x1) with 5 hardware generated mipmaps from Image. Internal format is PF_A8R8G8B8,64x16x1.
10:13:50: Texture: sdk_logo.png: Loading 1 faces(PF_A8R8G8B8,128x64x1) with 5 hardware generated mipmaps from Image. Internal format is PF_A8R8G8B8,128x64x1.
10:13:50: Texture: sdk_shade.png: Loading 1 faces(PF_A8R8G8B8,64x48x1) with 5 hardware generated mipmaps from Image. Internal format is PF_A8R8G8B8,64x48x1.
10:13:50: Texture: sdk_frame.png: Loading 1 faces(PF_A8R8G8B8,32x32x1) with 5 hardware generated mipmaps from Image. Internal format is PF_A8R8G8B8,32x32x1.
10:13:50: Texture: sdk_mini_text_box_over.png: Loading 1 faces(PF_A8R8G8B8,32x32x1) with 5 hardware generated mipmaps from Image. Internal format is PF_A8R8G8B8,32x32x1.
10:13:50: Texture: sdk_pulse.png: Loading 1 faces(PF_R8G8B8,8x1x1) with 3 hardware generated mipmaps from Image. Internal format is PF_X8R8G8B8,8x1x1.
10:13:50: Finished parsing scripts for resource group Essential
10:13:50: Creating resources for group Essential
10:13:50: All done
10:13:50: Parsing scripts for resource group General
10:13:50: Parsing script Examples.program
10:13:50: Parsing script Examples.material
10:13:50: Parsing script Examples.compositor
10:13:50: Finished parsing scripts for resource group General
10:13:50: Creating resources for group General
10:13:50: All done
10:13:50: Parsing scripts for resource group Internal
10:13:50: Finished parsing scripts for resource group Internal
10:13:50: Creating resources for group Internal
10:13:50: All done
10:13:50: Texture: clouds.jpg: Loading 1 faces(PF_R8G8B8,256x256x1) with 5 hardware generated mipmaps from Image. Internal format is PF_X8R8G8B8,256x256x1.
10:13:50: Terrain created; size=513 minBatch=33 maxBatch=65 treeDepth=4 lodLevels=5 leafLods=2
10:13:50: Texture: dirt_grayrocky_diffusespecular.dds: Loading 1 faces(PF_DXT5,1024x1024x1) with 5 hardware generated mipmaps from Image. Internal format is PF_DXT5,1024x1024x1.
10:13:50: Texture: dirt_grayrocky_normalheight.dds: Loading 1 faces(PF_DXT5,1024x1024x1) with 5 hardware generated mipmaps from Image. Internal format is PF_DXT5,1024x1024x1.
10:13:50: Texture: grass_green-01_diffusespecular.dds: Loading 1 faces(PF_DXT5,1024x1024x1) with 5 hardware generated mipmaps from Image. Internal format is PF_DXT5,1024x1024x1.
10:13:50: Texture: grass_green-01_normalheight.dds: Loading 1 faces(PF_DXT5,1024x1024x1) with 5 hardware generated mipmaps from Image. Internal format is PF_DXT5,1024x1024x1.
10:13:50: Texture: growth_weirdfungus-03_diffusespecular.dds: Loading 1 faces(PF_DXT5,1024x1024x1) with 5 hardware generated mipmaps from Image. Internal format is PF_DXT5,1024x1024x1.
10:13:50: Texture: growth_weirdfungus-03_normalheight.dds: Loading 1 faces(PF_DXT5,1024x1024x1) with 5 hardware generated mipmaps from Image. Internal format is PF_DXT5,1024x1024x1.
10:13:50: OGRE EXCEPTION(5:ItemIdentityException): Cannot find a writable location in group General in ResourceGroupManager::createResource at C:\Users\Vidminas\Desktop\ogre\OgreMain\src\OgreResourceGroupManager.cpp (line 846)
10:13:51: *** Initializing OIS ***
10:13:51: GLSL compiling: OgreTerrain/3892655403/sm2/vp/llod
10:13:51: GLSL compiled: 
10:13:51: GLSL compiling: OgreTerrain/3892655403/sm2/fp/llod
10:13:51: GLSL compiled: 
10:13:51: Vertex Program:OgreTerrain/3892655403/sm2/vp/llod Fragment Program:OgreTerrain/3892655403/sm2/fp/llod GLSL link result : 
10:13:51: GLSL compiling: OgreTerrain/3892655403/sm2/vp/hlod
10:13:51: GLSL compiled: 
10:13:51: GLSL compiling: OgreTerrain/3892655403/sm2/fp/hlod
10:13:51: GLSL compiled: 
10:13:51: Vertex Program:OgreTerrain/3892655403/sm2/vp/hlod Fragment Program:OgreTerrain/3892655403/sm2/fp/hlod GLSL link result : 
10:13:51: Font SdkTrays/Value using texture size 512x256
10:13:51: Info: Freetype returned null for character 127 in font SdkTrays/Value
10:13:51: Info: Freetype returned null for character 128 in font SdkTrays/Value
10:13:51: Info: Freetype returned null for character 129 in font SdkTrays/Value
10:13:51: Info: Freetype returned null for character 130 in font SdkTrays/Value
10:13:51: Info: Freetype returned null for character 131 in font SdkTrays/Value
10:13:51: Info: Freetype returned null for character 132 in font SdkTrays/Value
10:13:51: Info: Freetype returned null for character 133 in font SdkTrays/Value
10:13:51: Info: Freetype returned null for character 134 in font SdkTrays/Value
10:13:51: Info: Freetype returned null for character 135 in font SdkTrays/Value
10:13:51: Info: Freetype returned null for character 136 in font SdkTrays/Value
10:13:51: Info: Freetype returned null for character 137 in font SdkTrays/Value
10:13:51: Info: Freetype returned null for character 138 in font SdkTrays/Value
10:13:51: Info: Freetype returned null for character 139 in font SdkTrays/Value
10:13:51: Info: Freetype returned null for character 140 in font SdkTrays/Value
10:13:51: Info: Freetype returned null for character 141 in font SdkTrays/Value
10:13:51: Info: Freetype returned null for character 142 in font SdkTrays/Value
10:13:51: Info: Freetype returned null for character 143 in font SdkTrays/Value
10:13:51: Info: Freetype returned null for character 144 in font SdkTrays/Value
10:13:51: Info: Freetype returned null for character 145 in font SdkTrays/Value
10:13:51: Info: Freetype returned null for character 146 in font SdkTrays/Value
10:13:51: Info: Freetype returned null for character 147 in font SdkTrays/Value
10:13:51: Info: Freetype returned null for character 148 in font SdkTrays/Value
10:13:51: Info: Freetype returned null for character 149 in font SdkTrays/Value
10:13:51: Info: Freetype returned null for character 150 in font SdkTrays/Value
10:13:51: Info: Freetype returned null for character 151 in font SdkTrays/Value
10:13:51: Info: Freetype returned null for character 152 in font SdkTrays/Value
10:13:51: Info: Freetype returned null for character 153 in font SdkTrays/Value
10:13:51: Info: Freetype returned null for character 154 in font SdkTrays/Value
10:13:51: Info: Freetype returned null for character 155 in font SdkTrays/Value
10:13:51: Info: Freetype returned null for character 156 in font SdkTrays/Value
10:13:51: Info: Freetype returned null for character 157 in font SdkTrays/Value
10:13:51: Info: Freetype returned null for character 158 in font SdkTrays/Value
10:13:51: Info: Freetype returned null for character 159 in font SdkTrays/Value
10:13:51: Info: Freetype returned null for character 160 in font SdkTrays/Value
10:13:51: Texture: SdkTrays/ValueTexture: Loading 1 faces(PF_BYTE_LA,512x256x1) Internal format is PF_BYTE_LA,512x256x1.
10:13:51: Font SdkTrays/Caption using texture size 512x256
10:13:51: Info: Freetype returned null for character 160 in font SdkTrays/Caption
10:13:51: Texture: SdkTrays/CaptionTexture: Loading 1 faces(PF_BYTE_LA,512x256x1) Internal format is PF_BYTE_LA,512x256x1.
10:13:52: GLSL compiling: OgreTerrain/3892655403/sm2/vp/comp
10:13:52: GLSL compiled: 
10:13:52: GLSL compiling: OgreTerrain/3892655403/sm2/fp/comp
10:13:52: GLSL compiled: 
10:13:52: Vertex Program:OgreTerrain/3892655403/sm2/vp/comp Fragment Program:OgreTerrain/3892655403/sm2/fp/comp GLSL link result : 
10:14:04: Mesh: Loading robot.mesh.
10:14:04: Skeleton: Loading robot.skeleton
10:14:04: Texture: r2skin.jpg: Loading 1 faces(PF_R8G8B8,512x512x1) with 5 hardware generated mipmaps from Image. Internal format is PF_X8R8G8B8,512x512x1.
10:14:24: DefaultWorkQueue('Root') shutting down on thread main.
10:14:24: *-*-* OGRE Shutdown
10:14:24: Unregistering ResourceManager for type Compositor
10:14:24: Unregistering ResourceManager for type Skeleton
10:14:24: Unregistering ResourceManager for type Mesh
10:14:24: Unregistering ResourceManager for type HighLevelGpuProgram
10:14:24: D3D9 : Shutting down cleanly.
10:14:24: D3D9 : Direct3D9 Rendering Subsystem destroyed.
10:14:24: Unregistering ResourceManager for type GpuProgram
10:14:24: *** Stopping Win32GL Subsystem ***
10:14:24: Unregistering ResourceManager for type Texture
10:14:24: Unregistering ResourceManager for type Material
